<?xml version="1.0" encoding="UTF-8"?>
<!-- Generated by org.testng.reporters.JUnitXMLReporter -->
<testsuite ignored="0" hostname="AMIT_PC" failures="4" tests="11" name="Test2" time="158.503" errors="0" timestamp="2025-03-02T10:30:49 IST">
  <testcase classname="com.qa.testcases.TS001" name="TS001_TC001" time="3.921"/>
  <testcase classname="com.qa.testcases.TS001" name="TS001_TC002" time="31.544">
    <failure type="org.openqa.selenium.NoSuchElementException" message="Unable to locate element: //*[@id=&amp;apos;password-error&amp;apos;]
For documentation on this error, please visit: https://www.selenium.dev/documentation/webdriver/troubleshooting/errors#no-such-element-exception
Build info: version: &amp;apos;4.27.0&amp;apos;, revision: &amp;apos;d6e718d134&amp;apos;
System info: os.name: &amp;apos;Windows 11&amp;apos;, os.arch: &amp;apos;amd64&amp;apos;, os.version: &amp;apos;10.0&amp;apos;, java.version: &amp;apos;23.0.1&amp;apos;
Driver info: org.openqa.selenium.remote.RemoteWebDriver
Command: [1e815f34-ffbf-47f3-b4e5-efb6acd48378, findElement {using=xpath, value=//*[@id=&amp;apos;password-error&amp;apos;]}]
Capabilities {acceptInsecureCerts: false, browserName: firefox, browserVersion: 135.0.1, container:hostname: caef7e7364b2, moz:accessibilityChecks: false, moz:buildID: 20250216192613, moz:geckodriverVersion: 0.35.0, moz:headless: false, moz:platformVersion: 5.15.167.4-microsoft-standa..., moz:processID: 3619, moz:profile: /tmp/rust_mozprofileEb6YU3, moz:shutdownTimeout: 60000, moz:webdriverClick: true, moz:windowless: false, pageLoadStrategy: normal, platformName: linux, proxy: Proxy(), se:bidiEnabled: false, se:cdp: ws://172.19.0.2:4444/sessio..., se:containerName: caef7e7364b2, se:noVncPort: 7900, se:vnc: ws://172.19.0.2:4444/sessio..., se:vncEnabled: true, se:vncLocalAddress: ws://172.19.0.2:7900, setWindowRect: true, strictFileInteractability: false, timeouts: {implicit: 0, pageLoad: 300000, script: 30000}, unhandledPromptBehavior: dismiss and notify, userAgent: Mozilla/5.0 (X11; Linux x86...}
Session ID: 1e815f34-ffbf-47f3-b4e5-efb6acd48378">
      <![CDATA[org.openqa.selenium.NoSuchElementException: Unable to locate element: //*[@id='password-error']
For documentation on this error, please visit: https://www.selenium.dev/documentation/webdriver/troubleshooting/errors#no-such-element-exception
Build info: version: '4.27.0', revision: 'd6e718d134'
System info: os.name: 'Windows 11', os.arch: 'amd64', os.version: '10.0', java.version: '23.0.1'
Driver info: org.openqa.selenium.remote.RemoteWebDriver
Command: [1e815f34-ffbf-47f3-b4e5-efb6acd48378, findElement {using=xpath, value=//*[@id='password-error']}]
Capabilities {acceptInsecureCerts: false, browserName: firefox, browserVersion: 135.0.1, container:hostname: caef7e7364b2, moz:accessibilityChecks: false, moz:buildID: 20250216192613, moz:geckodriverVersion: 0.35.0, moz:headless: false, moz:platformVersion: 5.15.167.4-microsoft-standa..., moz:processID: 3619, moz:profile: /tmp/rust_mozprofileEb6YU3, moz:shutdownTimeout: 60000, moz:webdriverClick: true, moz:windowless: false, pageLoadStrategy: normal, platformName: linux, proxy: Proxy(), se:bidiEnabled: false, se:cdp: ws://172.19.0.2:4444/sessio..., se:containerName: caef7e7364b2, se:noVncPort: 7900, se:vnc: ws://172.19.0.2:4444/sessio..., se:vncEnabled: true, se:vncLocalAddress: ws://172.19.0.2:7900, setWindowRect: true, strictFileInteractability: false, timeouts: {implicit: 0, pageLoad: 300000, script: 30000}, unhandledPromptBehavior: dismiss and notify, userAgent: Mozilla/5.0 (X11; Linux x86...}
Session ID: 1e815f34-ffbf-47f3-b4e5-efb6acd48378
at org.openqa.selenium.remote.ErrorCodec.decode(ErrorCodec.java:167)
at org.openqa.selenium.remote.codec.w3c.W3CHttpResponseCodec.decode(W3CHttpResponseCodec.java:138)
at org.openqa.selenium.remote.codec.w3c.W3CHttpResponseCodec.decode(W3CHttpResponseCodec.java:50)
at org.openqa.selenium.remote.HttpCommandExecutor.execute(HttpCommandExecutor.java:190)
at org.openqa.selenium.remote.TracedCommandExecutor.execute(TracedCommandExecutor.java:53)
at org.openqa.selenium.remote.RemoteWebDriver.execute(RemoteWebDriver.java:545)
at org.openqa.selenium.remote.ElementLocation$ElementFinder$2.findElement(ElementLocation.java:165)
at org.openqa.selenium.remote.ElementLocation.findElement(ElementLocation.java:59)
at org.openqa.selenium.remote.RemoteWebDriver.findElement(RemoteWebDriver.java:368)
at org.openqa.selenium.remote.RemoteWebDriver.findElement(RemoteWebDriver.java:362)
at org.openqa.selenium.support.pagefactory.DefaultElementLocator.findElement(DefaultElementLocator.java:68)
at org.openqa.selenium.support.pagefactory.internal.LocatingElementHandler.invoke(LocatingElementHandler.java:38)
at jdk.proxy2/jdk.proxy2.$Proxy13.getText(Unknown Source)
at com.qa.pages.CreateAccountPage.GetPasswordTextboxErrorMessage(CreateAccountPage.java:189)
at com.qa.testcases.TS001.TS001_TC002(TS001.java:72)
at java.base/java.util.ArrayList.forEach(ArrayList.java:1597)
at java.base/java.util.concurrent.FutureTask.run(FutureTask.java:317)
at java.base/java.util.concurrent.ThreadPoolExecutor.runWorker(ThreadPoolExecutor.java:1144)
at java.base/java.util.concurrent.ThreadPoolExecutor$Worker.run(ThreadPoolExecutor.java:642)
at java.base/java.lang.Thread.run(Thread.java:1575)
... Removed 19 stack frames]]>
    </failure>
  </testcase> <!-- TS001_TC002 -->
  <testcase classname="com.qa.testcases.TS001" name="TS001_TC002" time="31.823">
    <failure type="org.openqa.selenium.NoSuchElementException" message="Unable to locate element: //*[@id=&amp;apos;password-error&amp;apos;]
For documentation on this error, please visit: https://www.selenium.dev/documentation/webdriver/troubleshooting/errors#no-such-element-exception
Build info: version: &amp;apos;4.27.0&amp;apos;, revision: &amp;apos;d6e718d134&amp;apos;
System info: os.name: &amp;apos;Windows 11&amp;apos;, os.arch: &amp;apos;amd64&amp;apos;, os.version: &amp;apos;10.0&amp;apos;, java.version: &amp;apos;23.0.1&amp;apos;
Driver info: org.openqa.selenium.remote.RemoteWebDriver
Command: [1e815f34-ffbf-47f3-b4e5-efb6acd48378, findElement {using=xpath, value=//*[@id=&amp;apos;password-error&amp;apos;]}]
Capabilities {acceptInsecureCerts: false, browserName: firefox, browserVersion: 135.0.1, container:hostname: caef7e7364b2, moz:accessibilityChecks: false, moz:buildID: 20250216192613, moz:geckodriverVersion: 0.35.0, moz:headless: false, moz:platformVersion: 5.15.167.4-microsoft-standa..., moz:processID: 3619, moz:profile: /tmp/rust_mozprofileEb6YU3, moz:shutdownTimeout: 60000, moz:webdriverClick: true, moz:windowless: false, pageLoadStrategy: normal, platformName: linux, proxy: Proxy(), se:bidiEnabled: false, se:cdp: ws://172.19.0.2:4444/sessio..., se:containerName: caef7e7364b2, se:noVncPort: 7900, se:vnc: ws://172.19.0.2:4444/sessio..., se:vncEnabled: true, se:vncLocalAddress: ws://172.19.0.2:7900, setWindowRect: true, strictFileInteractability: false, timeouts: {implicit: 0, pageLoad: 300000, script: 30000}, unhandledPromptBehavior: dismiss and notify, userAgent: Mozilla/5.0 (X11; Linux x86...}
Session ID: 1e815f34-ffbf-47f3-b4e5-efb6acd48378">
      <![CDATA[org.openqa.selenium.NoSuchElementException: Unable to locate element: //*[@id='password-error']
For documentation on this error, please visit: https://www.selenium.dev/documentation/webdriver/troubleshooting/errors#no-such-element-exception
Build info: version: '4.27.0', revision: 'd6e718d134'
System info: os.name: 'Windows 11', os.arch: 'amd64', os.version: '10.0', java.version: '23.0.1'
Driver info: org.openqa.selenium.remote.RemoteWebDriver
Command: [1e815f34-ffbf-47f3-b4e5-efb6acd48378, findElement {using=xpath, value=//*[@id='password-error']}]
Capabilities {acceptInsecureCerts: false, browserName: firefox, browserVersion: 135.0.1, container:hostname: caef7e7364b2, moz:accessibilityChecks: false, moz:buildID: 20250216192613, moz:geckodriverVersion: 0.35.0, moz:headless: false, moz:platformVersion: 5.15.167.4-microsoft-standa..., moz:processID: 3619, moz:profile: /tmp/rust_mozprofileEb6YU3, moz:shutdownTimeout: 60000, moz:webdriverClick: true, moz:windowless: false, pageLoadStrategy: normal, platformName: linux, proxy: Proxy(), se:bidiEnabled: false, se:cdp: ws://172.19.0.2:4444/sessio..., se:containerName: caef7e7364b2, se:noVncPort: 7900, se:vnc: ws://172.19.0.2:4444/sessio..., se:vncEnabled: true, se:vncLocalAddress: ws://172.19.0.2:7900, setWindowRect: true, strictFileInteractability: false, timeouts: {implicit: 0, pageLoad: 300000, script: 30000}, unhandledPromptBehavior: dismiss and notify, userAgent: Mozilla/5.0 (X11; Linux x86...}
Session ID: 1e815f34-ffbf-47f3-b4e5-efb6acd48378
at org.openqa.selenium.remote.ErrorCodec.decode(ErrorCodec.java:167)
at org.openqa.selenium.remote.codec.w3c.W3CHttpResponseCodec.decode(W3CHttpResponseCodec.java:138)
at org.openqa.selenium.remote.codec.w3c.W3CHttpResponseCodec.decode(W3CHttpResponseCodec.java:50)
at org.openqa.selenium.remote.HttpCommandExecutor.execute(HttpCommandExecutor.java:190)
at org.openqa.selenium.remote.TracedCommandExecutor.execute(TracedCommandExecutor.java:53)
at org.openqa.selenium.remote.RemoteWebDriver.execute(RemoteWebDriver.java:545)
at org.openqa.selenium.remote.ElementLocation$ElementFinder$2.findElement(ElementLocation.java:165)
at org.openqa.selenium.remote.ElementLocation.findElement(ElementLocation.java:59)
at org.openqa.selenium.remote.RemoteWebDriver.findElement(RemoteWebDriver.java:368)
at org.openqa.selenium.remote.RemoteWebDriver.findElement(RemoteWebDriver.java:362)
at org.openqa.selenium.support.pagefactory.DefaultElementLocator.findElement(DefaultElementLocator.java:68)
at org.openqa.selenium.support.pagefactory.internal.LocatingElementHandler.invoke(LocatingElementHandler.java:38)
at jdk.proxy2/jdk.proxy2.$Proxy13.getText(Unknown Source)
at com.qa.pages.CreateAccountPage.GetPasswordTextboxErrorMessage(CreateAccountPage.java:189)
at com.qa.testcases.TS001.TS001_TC002(TS001.java:72)
at java.base/java.util.ArrayList.forEach(ArrayList.java:1597)
at java.base/java.util.concurrent.FutureTask.run(FutureTask.java:317)
at java.base/java.util.concurrent.ThreadPoolExecutor.runWorker(ThreadPoolExecutor.java:1144)
at java.base/java.util.concurrent.ThreadPoolExecutor$Worker.run(ThreadPoolExecutor.java:642)
at java.base/java.lang.Thread.run(Thread.java:1575)
... Removed 19 stack frames]]>
    </failure>
  </testcase> <!-- TS001_TC002 -->
  <testcase classname="com.qa.testcases.TS001" name="TS001_TC002" time="31.807">
    <failure type="org.openqa.selenium.NoSuchElementException" message="Unable to locate element: //*[@id=&amp;apos;password-error&amp;apos;]
For documentation on this error, please visit: https://www.selenium.dev/documentation/webdriver/troubleshooting/errors#no-such-element-exception
Build info: version: &amp;apos;4.27.0&amp;apos;, revision: &amp;apos;d6e718d134&amp;apos;
System info: os.name: &amp;apos;Windows 11&amp;apos;, os.arch: &amp;apos;amd64&amp;apos;, os.version: &amp;apos;10.0&amp;apos;, java.version: &amp;apos;23.0.1&amp;apos;
Driver info: org.openqa.selenium.remote.RemoteWebDriver
Command: [1e815f34-ffbf-47f3-b4e5-efb6acd48378, findElement {using=xpath, value=//*[@id=&amp;apos;password-error&amp;apos;]}]
Capabilities {acceptInsecureCerts: false, browserName: firefox, browserVersion: 135.0.1, container:hostname: caef7e7364b2, moz:accessibilityChecks: false, moz:buildID: 20250216192613, moz:geckodriverVersion: 0.35.0, moz:headless: false, moz:platformVersion: 5.15.167.4-microsoft-standa..., moz:processID: 3619, moz:profile: /tmp/rust_mozprofileEb6YU3, moz:shutdownTimeout: 60000, moz:webdriverClick: true, moz:windowless: false, pageLoadStrategy: normal, platformName: linux, proxy: Proxy(), se:bidiEnabled: false, se:cdp: ws://172.19.0.2:4444/sessio..., se:containerName: caef7e7364b2, se:noVncPort: 7900, se:vnc: ws://172.19.0.2:4444/sessio..., se:vncEnabled: true, se:vncLocalAddress: ws://172.19.0.2:7900, setWindowRect: true, strictFileInteractability: false, timeouts: {implicit: 0, pageLoad: 300000, script: 30000}, unhandledPromptBehavior: dismiss and notify, userAgent: Mozilla/5.0 (X11; Linux x86...}
Session ID: 1e815f34-ffbf-47f3-b4e5-efb6acd48378">
      <![CDATA[org.openqa.selenium.NoSuchElementException: Unable to locate element: //*[@id='password-error']
For documentation on this error, please visit: https://www.selenium.dev/documentation/webdriver/troubleshooting/errors#no-such-element-exception
Build info: version: '4.27.0', revision: 'd6e718d134'
System info: os.name: 'Windows 11', os.arch: 'amd64', os.version: '10.0', java.version: '23.0.1'
Driver info: org.openqa.selenium.remote.RemoteWebDriver
Command: [1e815f34-ffbf-47f3-b4e5-efb6acd48378, findElement {using=xpath, value=//*[@id='password-error']}]
Capabilities {acceptInsecureCerts: false, browserName: firefox, browserVersion: 135.0.1, container:hostname: caef7e7364b2, moz:accessibilityChecks: false, moz:buildID: 20250216192613, moz:geckodriverVersion: 0.35.0, moz:headless: false, moz:platformVersion: 5.15.167.4-microsoft-standa..., moz:processID: 3619, moz:profile: /tmp/rust_mozprofileEb6YU3, moz:shutdownTimeout: 60000, moz:webdriverClick: true, moz:windowless: false, pageLoadStrategy: normal, platformName: linux, proxy: Proxy(), se:bidiEnabled: false, se:cdp: ws://172.19.0.2:4444/sessio..., se:containerName: caef7e7364b2, se:noVncPort: 7900, se:vnc: ws://172.19.0.2:4444/sessio..., se:vncEnabled: true, se:vncLocalAddress: ws://172.19.0.2:7900, setWindowRect: true, strictFileInteractability: false, timeouts: {implicit: 0, pageLoad: 300000, script: 30000}, unhandledPromptBehavior: dismiss and notify, userAgent: Mozilla/5.0 (X11; Linux x86...}
Session ID: 1e815f34-ffbf-47f3-b4e5-efb6acd48378
at org.openqa.selenium.remote.ErrorCodec.decode(ErrorCodec.java:167)
at org.openqa.selenium.remote.codec.w3c.W3CHttpResponseCodec.decode(W3CHttpResponseCodec.java:138)
at org.openqa.selenium.remote.codec.w3c.W3CHttpResponseCodec.decode(W3CHttpResponseCodec.java:50)
at org.openqa.selenium.remote.HttpCommandExecutor.execute(HttpCommandExecutor.java:190)
at org.openqa.selenium.remote.TracedCommandExecutor.execute(TracedCommandExecutor.java:53)
at org.openqa.selenium.remote.RemoteWebDriver.execute(RemoteWebDriver.java:545)
at org.openqa.selenium.remote.ElementLocation$ElementFinder$2.findElement(ElementLocation.java:165)
at org.openqa.selenium.remote.ElementLocation.findElement(ElementLocation.java:59)
at org.openqa.selenium.remote.RemoteWebDriver.findElement(RemoteWebDriver.java:368)
at org.openqa.selenium.remote.RemoteWebDriver.findElement(RemoteWebDriver.java:362)
at org.openqa.selenium.support.pagefactory.DefaultElementLocator.findElement(DefaultElementLocator.java:68)
at org.openqa.selenium.support.pagefactory.internal.LocatingElementHandler.invoke(LocatingElementHandler.java:38)
at jdk.proxy2/jdk.proxy2.$Proxy13.getText(Unknown Source)
at com.qa.pages.CreateAccountPage.GetPasswordTextboxErrorMessage(CreateAccountPage.java:189)
at com.qa.testcases.TS001.TS001_TC002(TS001.java:72)
at java.base/java.util.ArrayList.forEach(ArrayList.java:1597)
at java.base/java.util.concurrent.FutureTask.run(FutureTask.java:317)
at java.base/java.util.concurrent.ThreadPoolExecutor.runWorker(ThreadPoolExecutor.java:1144)
at java.base/java.util.concurrent.ThreadPoolExecutor$Worker.run(ThreadPoolExecutor.java:642)
at java.base/java.lang.Thread.run(Thread.java:1575)
... Removed 19 stack frames]]>
    </failure>
  </testcase> <!-- TS001_TC002 -->
  <testcase classname="com.qa.testcases.TS001" name="TS001_TC002" time="31.72">
    <failure type="org.openqa.selenium.NoSuchElementException" message="Unable to locate element: //*[@id=&amp;apos;password-error&amp;apos;]
For documentation on this error, please visit: https://www.selenium.dev/documentation/webdriver/troubleshooting/errors#no-such-element-exception
Build info: version: &amp;apos;4.27.0&amp;apos;, revision: &amp;apos;d6e718d134&amp;apos;
System info: os.name: &amp;apos;Windows 11&amp;apos;, os.arch: &amp;apos;amd64&amp;apos;, os.version: &amp;apos;10.0&amp;apos;, java.version: &amp;apos;23.0.1&amp;apos;
Driver info: org.openqa.selenium.remote.RemoteWebDriver
Command: [1e815f34-ffbf-47f3-b4e5-efb6acd48378, findElement {using=xpath, value=//*[@id=&amp;apos;password-error&amp;apos;]}]
Capabilities {acceptInsecureCerts: false, browserName: firefox, browserVersion: 135.0.1, container:hostname: caef7e7364b2, moz:accessibilityChecks: false, moz:buildID: 20250216192613, moz:geckodriverVersion: 0.35.0, moz:headless: false, moz:platformVersion: 5.15.167.4-microsoft-standa..., moz:processID: 3619, moz:profile: /tmp/rust_mozprofileEb6YU3, moz:shutdownTimeout: 60000, moz:webdriverClick: true, moz:windowless: false, pageLoadStrategy: normal, platformName: linux, proxy: Proxy(), se:bidiEnabled: false, se:cdp: ws://172.19.0.2:4444/sessio..., se:containerName: caef7e7364b2, se:noVncPort: 7900, se:vnc: ws://172.19.0.2:4444/sessio..., se:vncEnabled: true, se:vncLocalAddress: ws://172.19.0.2:7900, setWindowRect: true, strictFileInteractability: false, timeouts: {implicit: 0, pageLoad: 300000, script: 30000}, unhandledPromptBehavior: dismiss and notify, userAgent: Mozilla/5.0 (X11; Linux x86...}
Session ID: 1e815f34-ffbf-47f3-b4e5-efb6acd48378">
      <![CDATA[org.openqa.selenium.NoSuchElementException: Unable to locate element: //*[@id='password-error']
For documentation on this error, please visit: https://www.selenium.dev/documentation/webdriver/troubleshooting/errors#no-such-element-exception
Build info: version: '4.27.0', revision: 'd6e718d134'
System info: os.name: 'Windows 11', os.arch: 'amd64', os.version: '10.0', java.version: '23.0.1'
Driver info: org.openqa.selenium.remote.RemoteWebDriver
Command: [1e815f34-ffbf-47f3-b4e5-efb6acd48378, findElement {using=xpath, value=//*[@id='password-error']}]
Capabilities {acceptInsecureCerts: false, browserName: firefox, browserVersion: 135.0.1, container:hostname: caef7e7364b2, moz:accessibilityChecks: false, moz:buildID: 20250216192613, moz:geckodriverVersion: 0.35.0, moz:headless: false, moz:platformVersion: 5.15.167.4-microsoft-standa..., moz:processID: 3619, moz:profile: /tmp/rust_mozprofileEb6YU3, moz:shutdownTimeout: 60000, moz:webdriverClick: true, moz:windowless: false, pageLoadStrategy: normal, platformName: linux, proxy: Proxy(), se:bidiEnabled: false, se:cdp: ws://172.19.0.2:4444/sessio..., se:containerName: caef7e7364b2, se:noVncPort: 7900, se:vnc: ws://172.19.0.2:4444/sessio..., se:vncEnabled: true, se:vncLocalAddress: ws://172.19.0.2:7900, setWindowRect: true, strictFileInteractability: false, timeouts: {implicit: 0, pageLoad: 300000, script: 30000}, unhandledPromptBehavior: dismiss and notify, userAgent: Mozilla/5.0 (X11; Linux x86...}
Session ID: 1e815f34-ffbf-47f3-b4e5-efb6acd48378
at org.openqa.selenium.remote.ErrorCodec.decode(ErrorCodec.java:167)
at org.openqa.selenium.remote.codec.w3c.W3CHttpResponseCodec.decode(W3CHttpResponseCodec.java:138)
at org.openqa.selenium.remote.codec.w3c.W3CHttpResponseCodec.decode(W3CHttpResponseCodec.java:50)
at org.openqa.selenium.remote.HttpCommandExecutor.execute(HttpCommandExecutor.java:190)
at org.openqa.selenium.remote.TracedCommandExecutor.execute(TracedCommandExecutor.java:53)
at org.openqa.selenium.remote.RemoteWebDriver.execute(RemoteWebDriver.java:545)
at org.openqa.selenium.remote.ElementLocation$ElementFinder$2.findElement(ElementLocation.java:165)
at org.openqa.selenium.remote.ElementLocation.findElement(ElementLocation.java:59)
at org.openqa.selenium.remote.RemoteWebDriver.findElement(RemoteWebDriver.java:368)
at org.openqa.selenium.remote.RemoteWebDriver.findElement(RemoteWebDriver.java:362)
at org.openqa.selenium.support.pagefactory.DefaultElementLocator.findElement(DefaultElementLocator.java:68)
at org.openqa.selenium.support.pagefactory.internal.LocatingElementHandler.invoke(LocatingElementHandler.java:38)
at jdk.proxy2/jdk.proxy2.$Proxy13.getText(Unknown Source)
at com.qa.pages.CreateAccountPage.GetPasswordTextboxErrorMessage(CreateAccountPage.java:189)
at com.qa.testcases.TS001.TS001_TC002(TS001.java:72)
at java.base/java.util.ArrayList.forEach(ArrayList.java:1597)
at java.base/java.util.concurrent.FutureTask.run(FutureTask.java:317)
at java.base/java.util.concurrent.ThreadPoolExecutor.runWorker(ThreadPoolExecutor.java:1144)
at java.base/java.util.concurrent.ThreadPoolExecutor$Worker.run(ThreadPoolExecutor.java:642)
at java.base/java.lang.Thread.run(Thread.java:1575)
... Removed 19 stack frames]]>
    </failure>
  </testcase> <!-- TS001_TC002 -->
  <testcase classname="com.qa.testcases.TS001" name="TS001_TC003" time="2.567"/>
  <testcase classname="com.qa.testcases.TS001" name="TS001_TC004" time="2.684"/>
  <testcase classname="com.qa.testcases.TS001" name="TS001_TC005" time="1.284"/>
  <testcase classname="com.qa.testcases.TS001" name="TS001_TC005" time="1.315"/>
  <testcase classname="com.qa.testcases.TS001" name="TS001_TC005" time="1.342"/>
  <testcase classname="com.qa.testcases.TS001" name="TS001_TC005" time="1.217"/>
</testsuite> <!-- Test2 -->
