<!DOCTYPE html PUBLIC "-//W3C//DTD XHTML 1.1//EN" "https://www.w3.org/TR/xhtml11/DTD/xhtml11.dtd">
<html xmlns="https://www.w3.org/1999/xhtml">
<head>
<meta http-equiv="content-type" content="text/html; charset=UTF-8"/>
<title>TestNG Report</title>
<style type="text/css">table {margin-bottom:10px;border-collapse:collapse;empty-cells:show}th,td {border:1px solid #009;padding:.25em .5em}th {vertical-align:bottom}td {vertical-align:top}table a {font-weight:bold}.stripe td {background-color: #E6EBF9}.num {text-align:right}.passedodd td {background-color: #3F3}.passedeven td {background-color: #0A0}.skippedodd td {background-color: #DDD}.skippedeven td {background-color: #CCC}.failedodd td,.attn {background-color: #F33}.failedeven td,.stripe .attn {background-color: #D00}.stacktrace {white-space:pre;font-family:monospace}.totop {font-size:85%;text-align:center;border-bottom:2px solid #000}.invisible {display:none}</style>
</head>
<body>
<table>
<tr><th>Test</th><th># Passed</th><th># Skipped</th><th># Retried</th><th># Failed</th><th>Time (ms)</th><th>Included Groups</th><th>Excluded Groups</th></tr>
<tr><th colspan="8">Suite</th></tr>
<tr><td><a href="#t0">Test1</a></td><td class="num">11</td><td class="num">0</td><td class="num">0</td><td class="num">0</td><td class="num">36,132</td><td></td><td></td></tr>
<tr class="stripe"><td><a href="#t1">Test2</a></td><td class="num">7</td><td class="num">0</td><td class="num">0</td><td class="num attn">4</td><td class="num">158,503</td><td></td><td></td></tr>
<tr><th>Total</th><th class="num">18</th><th class="num">0</th><th class="num">0</th><th class="num attn">4</th><th class="num">194,635</th><th colspan="2"></th></tr>
</table>
<table id='summary'><thead><tr><th>Class</th><th>Method</th><th>Start</th><th>Time (ms)</th></tr></thead><tbody><tr><th colspan="4">Suite</th></tr></tbody><tbody id="t0"><tr><th colspan="4">Test1 &#8212; passed</th></tr><tr class="passedeven"><td rowspan="11">com.qa.testcases.TS001</td><td><a href="#m0">TS001_TC001</a></td><td rowspan="1">1740891502307</td><td rowspan="1">3939</td></tr><tr class="passedeven"><td><a href="#m1">TS001_TC002</a></td><td rowspan="4">1740891510215</td><td rowspan="4">1821</td></tr><tr class="passedeven"><td><a href="#m2">TS001_TC002</a></td></tr><tr class="passedeven"><td><a href="#m3">TS001_TC002</a></td></tr><tr class="passedeven"><td><a href="#m4">TS001_TC002</a></td></tr><tr class="passedeven"><td><a href="#m5">TS001_TC003</a></td><td rowspan="1">1740891515084</td><td rowspan="1">2923</td></tr><tr class="passedeven"><td><a href="#m6">TS001_TC004</a></td><td rowspan="1">1740891518008</td><td rowspan="1">3523</td></tr><tr class="passedeven"><td><a href="#m7">TS001_TC005</a></td><td rowspan="4">1740891526134</td><td rowspan="4">1343</td></tr><tr class="passedeven"><td><a href="#m8">TS001_TC005</a></td></tr><tr class="passedeven"><td><a href="#m9">TS001_TC005</a></td></tr><tr class="passedeven"><td><a href="#m10">TS001_TC005</a></td></tr></tbody>
<tbody id="t1"><tr><th colspan="4">Test2 &#8212; failed</th></tr><tr class="failedeven"><td rowspan="4">com.qa.testcases.TS001</td><td><a href="#m11">TS001_TC002</a></td><td rowspan="4">1740891607456</td><td rowspan="4">31720</td></tr><tr class="failedeven"><td><a href="#m12">TS001_TC002</a></td></tr><tr class="failedeven"><td><a href="#m13">TS001_TC002</a></td></tr><tr class="failedeven"><td><a href="#m14">TS001_TC002</a></td></tr><tr><th colspan="4">Test2 &#8212; passed</th></tr><tr class="passedeven"><td rowspan="7">com.qa.testcases.TS001</td><td><a href="#m15">TS001_TC001</a></td><td rowspan="1">1740891507820</td><td rowspan="1">3921</td></tr><tr class="passedeven"><td><a href="#m16">TS001_TC003</a></td><td rowspan="1">1740891639335</td><td rowspan="1">2567</td></tr><tr class="passedeven"><td><a href="#m17">TS001_TC004</a></td><td rowspan="1">1740891641904</td><td rowspan="1">2684</td></tr><tr class="passedeven"><td><a href="#m18">TS001_TC005</a></td><td rowspan="4">1740891645971</td><td rowspan="4">1315</td></tr><tr class="passedeven"><td><a href="#m19">TS001_TC005</a></td></tr><tr class="passedeven"><td><a href="#m20">TS001_TC005</a></td></tr><tr class="passedeven"><td><a href="#m21">TS001_TC005</a></td></tr></tbody>
</table>
<h2>Test1</h2><h3 id="m0">com.qa.testcases.TS001#TS001_TC001</h3><table class="result"><tr><th class="invisible"/></tr></table><p class="totop"><a href="#summary">back to summary</a></p>
<h3 id="m1">com.qa.testcases.TS001#TS001_TC002</h3><table class="result"><tr class="param"><th>Parameter #1</th></tr><tr class="param stripe"><td>lemo</td></tr></table><p class="totop"><a href="#summary">back to summary</a></p>
<h3 id="m2">com.qa.testcases.TS001#TS001_TC002</h3><table class="result"><tr class="param"><th>Parameter #1</th></tr><tr class="param stripe"><td>demop</td></tr></table><p class="totop"><a href="#summary">back to summary</a></p>
<h3 id="m3">com.qa.testcases.TS001#TS001_TC002</h3><table class="result"><tr class="param"><th>Parameter #1</th></tr><tr class="param stripe"><td>lemo</td></tr></table><p class="totop"><a href="#summary">back to summary</a></p>
<h3 id="m4">com.qa.testcases.TS001#TS001_TC002</h3><table class="result"><tr class="param"><th>Parameter #1</th></tr><tr class="param stripe"><td>demop</td></tr></table><p class="totop"><a href="#summary">back to summary</a></p>
<h3 id="m5">com.qa.testcases.TS001#TS001_TC003</h3><table class="result"><tr><th class="invisible"/></tr></table><p class="totop"><a href="#summary">back to summary</a></p>
<h3 id="m6">com.qa.testcases.TS001#TS001_TC004</h3><table class="result"><tr><th class="invisible"/></tr></table><p class="totop"><a href="#summary">back to summary</a></p>
<h3 id="m7">com.qa.testcases.TS001#TS001_TC005</h3><table class="result"><tr class="param"><th>Parameter #1</th></tr><tr class="param stripe"><td>lemo</td></tr></table><p class="totop"><a href="#summary">back to summary</a></p>
<h3 id="m8">com.qa.testcases.TS001#TS001_TC005</h3><table class="result"><tr class="param"><th>Parameter #1</th></tr><tr class="param stripe"><td>demo</td></tr></table><p class="totop"><a href="#summary">back to summary</a></p>
<h3 id="m9">com.qa.testcases.TS001#TS001_TC005</h3><table class="result"><tr class="param"><th>Parameter #1</th></tr><tr class="param stripe"><td>lemo</td></tr></table><p class="totop"><a href="#summary">back to summary</a></p>
<h3 id="m10">com.qa.testcases.TS001#TS001_TC005</h3><table class="result"><tr class="param"><th>Parameter #1</th></tr><tr class="param stripe"><td>demo</td></tr></table><p class="totop"><a href="#summary">back to summary</a></p>
<h2>Test2</h2><h3 id="m11">com.qa.testcases.TS001#TS001_TC002</h3><table class="result"><tr class="param"><th>Parameter #1</th></tr><tr class="param stripe"><td>lemo</td></tr><tr><th>Exception</th></tr><tr><td><div class="stacktrace">org.openqa.selenium.NoSuchElementException: Unable to locate element: //*[@id=&apos;password-error&apos;]
For documentation on this error, please visit: https://www.selenium.dev/documentation/webdriver/troubleshooting/errors#no-such-element-exception
Build info: version: &apos;4.27.0&apos;, revision: &apos;d6e718d134&apos;
System info: os.name: &apos;Windows 11&apos;, os.arch: &apos;amd64&apos;, os.version: &apos;10.0&apos;, java.version: &apos;23.0.1&apos;
Driver info: org.openqa.selenium.remote.RemoteWebDriver
Command: [1e815f34-ffbf-47f3-b4e5-efb6acd48378, findElement {using=xpath, value=//*[@id=&apos;password-error&apos;]}]
Capabilities {acceptInsecureCerts: false, browserName: firefox, browserVersion: 135.0.1, container:hostname: caef7e7364b2, moz:accessibilityChecks: false, moz:buildID: 20250216192613, moz:geckodriverVersion: 0.35.0, moz:headless: false, moz:platformVersion: 5.15.167.4-microsoft-standa..., moz:processID: 3619, moz:profile: /tmp/rust_mozprofileEb6YU3, moz:shutdownTimeout: 60000, moz:webdriverClick: true, moz:windowless: false, pageLoadStrategy: normal, platformName: linux, proxy: Proxy(), se:bidiEnabled: false, se:cdp: ws://172.19.0.2:4444/sessio..., se:containerName: caef7e7364b2, se:noVncPort: 7900, se:vnc: ws://172.19.0.2:4444/sessio..., se:vncEnabled: true, se:vncLocalAddress: ws://172.19.0.2:7900, setWindowRect: true, strictFileInteractability: false, timeouts: {implicit: 0, pageLoad: 300000, script: 30000}, unhandledPromptBehavior: dismiss and notify, userAgent: Mozilla/5.0 (X11; Linux x86...}
Session ID: 1e815f34-ffbf-47f3-b4e5-efb6acd48378
	at org.openqa.selenium.remote.ErrorCodec.decode(ErrorCodec.java:167)
	at org.openqa.selenium.remote.codec.w3c.W3CHttpResponseCodec.decode(W3CHttpResponseCodec.java:138)
	at org.openqa.selenium.remote.codec.w3c.W3CHttpResponseCodec.decode(W3CHttpResponseCodec.java:50)
	at org.openqa.selenium.remote.HttpCommandExecutor.execute(HttpCommandExecutor.java:190)
	at org.openqa.selenium.remote.TracedCommandExecutor.execute(TracedCommandExecutor.java:53)
	at org.openqa.selenium.remote.RemoteWebDriver.execute(RemoteWebDriver.java:545)
	at org.openqa.selenium.remote.ElementLocation$ElementFinder$2.findElement(ElementLocation.java:165)
	at org.openqa.selenium.remote.ElementLocation.findElement(ElementLocation.java:59)
	at org.openqa.selenium.remote.RemoteWebDriver.findElement(RemoteWebDriver.java:368)
	at org.openqa.selenium.remote.RemoteWebDriver.findElement(RemoteWebDriver.java:362)
	at org.openqa.selenium.support.pagefactory.DefaultElementLocator.findElement(DefaultElementLocator.java:68)
	at org.openqa.selenium.support.pagefactory.internal.LocatingElementHandler.invoke(LocatingElementHandler.java:38)
	at jdk.proxy2/jdk.proxy2.$Proxy13.getText(Unknown Source)
	at com.qa.pages.CreateAccountPage.GetPasswordTextboxErrorMessage(CreateAccountPage.java:189)
	at com.qa.testcases.TS001.TS001_TC002(TS001.java:72)
	at java.base/java.util.ArrayList.forEach(ArrayList.java:1597)
	at java.base/java.util.concurrent.FutureTask.run(FutureTask.java:317)
	at java.base/java.util.concurrent.ThreadPoolExecutor.runWorker(ThreadPoolExecutor.java:1144)
	at java.base/java.util.concurrent.ThreadPoolExecutor$Worker.run(ThreadPoolExecutor.java:642)
	at java.base/java.lang.Thread.run(Thread.java:1575)
... Removed 19 stack frames</div></td></tr></table><p class="totop"><a href="#summary">back to summary</a></p>
<h3 id="m12">com.qa.testcases.TS001#TS001_TC002</h3><table class="result"><tr class="param"><th>Parameter #1</th></tr><tr class="param stripe"><td>demop</td></tr><tr><th>Exception</th></tr><tr><td><div class="stacktrace">org.openqa.selenium.NoSuchElementException: Unable to locate element: //*[@id=&apos;password-error&apos;]
For documentation on this error, please visit: https://www.selenium.dev/documentation/webdriver/troubleshooting/errors#no-such-element-exception
Build info: version: &apos;4.27.0&apos;, revision: &apos;d6e718d134&apos;
System info: os.name: &apos;Windows 11&apos;, os.arch: &apos;amd64&apos;, os.version: &apos;10.0&apos;, java.version: &apos;23.0.1&apos;
Driver info: org.openqa.selenium.remote.RemoteWebDriver
Command: [1e815f34-ffbf-47f3-b4e5-efb6acd48378, findElement {using=xpath, value=//*[@id=&apos;password-error&apos;]}]
Capabilities {acceptInsecureCerts: false, browserName: firefox, browserVersion: 135.0.1, container:hostname: caef7e7364b2, moz:accessibilityChecks: false, moz:buildID: 20250216192613, moz:geckodriverVersion: 0.35.0, moz:headless: false, moz:platformVersion: 5.15.167.4-microsoft-standa..., moz:processID: 3619, moz:profile: /tmp/rust_mozprofileEb6YU3, moz:shutdownTimeout: 60000, moz:webdriverClick: true, moz:windowless: false, pageLoadStrategy: normal, platformName: linux, proxy: Proxy(), se:bidiEnabled: false, se:cdp: ws://172.19.0.2:4444/sessio..., se:containerName: caef7e7364b2, se:noVncPort: 7900, se:vnc: ws://172.19.0.2:4444/sessio..., se:vncEnabled: true, se:vncLocalAddress: ws://172.19.0.2:7900, setWindowRect: true, strictFileInteractability: false, timeouts: {implicit: 0, pageLoad: 300000, script: 30000}, unhandledPromptBehavior: dismiss and notify, userAgent: Mozilla/5.0 (X11; Linux x86...}
Session ID: 1e815f34-ffbf-47f3-b4e5-efb6acd48378
	at org.openqa.selenium.remote.ErrorCodec.decode(ErrorCodec.java:167)
	at org.openqa.selenium.remote.codec.w3c.W3CHttpResponseCodec.decode(W3CHttpResponseCodec.java:138)
	at org.openqa.selenium.remote.codec.w3c.W3CHttpResponseCodec.decode(W3CHttpResponseCodec.java:50)
	at org.openqa.selenium.remote.HttpCommandExecutor.execute(HttpCommandExecutor.java:190)
	at org.openqa.selenium.remote.TracedCommandExecutor.execute(TracedCommandExecutor.java:53)
	at org.openqa.selenium.remote.RemoteWebDriver.execute(RemoteWebDriver.java:545)
	at org.openqa.selenium.remote.ElementLocation$ElementFinder$2.findElement(ElementLocation.java:165)
	at org.openqa.selenium.remote.ElementLocation.findElement(ElementLocation.java:59)
	at org.openqa.selenium.remote.RemoteWebDriver.findElement(RemoteWebDriver.java:368)
	at org.openqa.selenium.remote.RemoteWebDriver.findElement(RemoteWebDriver.java:362)
	at org.openqa.selenium.support.pagefactory.DefaultElementLocator.findElement(DefaultElementLocator.java:68)
	at org.openqa.selenium.support.pagefactory.internal.LocatingElementHandler.invoke(LocatingElementHandler.java:38)
	at jdk.proxy2/jdk.proxy2.$Proxy13.getText(Unknown Source)
	at com.qa.pages.CreateAccountPage.GetPasswordTextboxErrorMessage(CreateAccountPage.java:189)
	at com.qa.testcases.TS001.TS001_TC002(TS001.java:72)
	at java.base/java.util.ArrayList.forEach(ArrayList.java:1597)
	at java.base/java.util.concurrent.FutureTask.run(FutureTask.java:317)
	at java.base/java.util.concurrent.ThreadPoolExecutor.runWorker(ThreadPoolExecutor.java:1144)
	at java.base/java.util.concurrent.ThreadPoolExecutor$Worker.run(ThreadPoolExecutor.java:642)
	at java.base/java.lang.Thread.run(Thread.java:1575)
... Removed 19 stack frames</div></td></tr></table><p class="totop"><a href="#summary">back to summary</a></p>
<h3 id="m13">com.qa.testcases.TS001#TS001_TC002</h3><table class="result"><tr class="param"><th>Parameter #1</th></tr><tr class="param stripe"><td>demop</td></tr><tr><th>Exception</th></tr><tr><td><div class="stacktrace">org.openqa.selenium.NoSuchElementException: Unable to locate element: //*[@id=&apos;password-error&apos;]
For documentation on this error, please visit: https://www.selenium.dev/documentation/webdriver/troubleshooting/errors#no-such-element-exception
Build info: version: &apos;4.27.0&apos;, revision: &apos;d6e718d134&apos;
System info: os.name: &apos;Windows 11&apos;, os.arch: &apos;amd64&apos;, os.version: &apos;10.0&apos;, java.version: &apos;23.0.1&apos;
Driver info: org.openqa.selenium.remote.RemoteWebDriver
Command: [1e815f34-ffbf-47f3-b4e5-efb6acd48378, findElement {using=xpath, value=//*[@id=&apos;password-error&apos;]}]
Capabilities {acceptInsecureCerts: false, browserName: firefox, browserVersion: 135.0.1, container:hostname: caef7e7364b2, moz:accessibilityChecks: false, moz:buildID: 20250216192613, moz:geckodriverVersion: 0.35.0, moz:headless: false, moz:platformVersion: 5.15.167.4-microsoft-standa..., moz:processID: 3619, moz:profile: /tmp/rust_mozprofileEb6YU3, moz:shutdownTimeout: 60000, moz:webdriverClick: true, moz:windowless: false, pageLoadStrategy: normal, platformName: linux, proxy: Proxy(), se:bidiEnabled: false, se:cdp: ws://172.19.0.2:4444/sessio..., se:containerName: caef7e7364b2, se:noVncPort: 7900, se:vnc: ws://172.19.0.2:4444/sessio..., se:vncEnabled: true, se:vncLocalAddress: ws://172.19.0.2:7900, setWindowRect: true, strictFileInteractability: false, timeouts: {implicit: 0, pageLoad: 300000, script: 30000}, unhandledPromptBehavior: dismiss and notify, userAgent: Mozilla/5.0 (X11; Linux x86...}
Session ID: 1e815f34-ffbf-47f3-b4e5-efb6acd48378
	at org.openqa.selenium.remote.ErrorCodec.decode(ErrorCodec.java:167)
	at org.openqa.selenium.remote.codec.w3c.W3CHttpResponseCodec.decode(W3CHttpResponseCodec.java:138)
	at org.openqa.selenium.remote.codec.w3c.W3CHttpResponseCodec.decode(W3CHttpResponseCodec.java:50)
	at org.openqa.selenium.remote.HttpCommandExecutor.execute(HttpCommandExecutor.java:190)
	at org.openqa.selenium.remote.TracedCommandExecutor.execute(TracedCommandExecutor.java:53)
	at org.openqa.selenium.remote.RemoteWebDriver.execute(RemoteWebDriver.java:545)
	at org.openqa.selenium.remote.ElementLocation$ElementFinder$2.findElement(ElementLocation.java:165)
	at org.openqa.selenium.remote.ElementLocation.findElement(ElementLocation.java:59)
	at org.openqa.selenium.remote.RemoteWebDriver.findElement(RemoteWebDriver.java:368)
	at org.openqa.selenium.remote.RemoteWebDriver.findElement(RemoteWebDriver.java:362)
	at org.openqa.selenium.support.pagefactory.DefaultElementLocator.findElement(DefaultElementLocator.java:68)
	at org.openqa.selenium.support.pagefactory.internal.LocatingElementHandler.invoke(LocatingElementHandler.java:38)
	at jdk.proxy2/jdk.proxy2.$Proxy13.getText(Unknown Source)
	at com.qa.pages.CreateAccountPage.GetPasswordTextboxErrorMessage(CreateAccountPage.java:189)
	at com.qa.testcases.TS001.TS001_TC002(TS001.java:72)
	at java.base/java.util.ArrayList.forEach(ArrayList.java:1597)
	at java.base/java.util.concurrent.FutureTask.run(FutureTask.java:317)
	at java.base/java.util.concurrent.ThreadPoolExecutor.runWorker(ThreadPoolExecutor.java:1144)
	at java.base/java.util.concurrent.ThreadPoolExecutor$Worker.run(ThreadPoolExecutor.java:642)
	at java.base/java.lang.Thread.run(Thread.java:1575)
... Removed 19 stack frames</div></td></tr></table><p class="totop"><a href="#summary">back to summary</a></p>
<h3 id="m14">com.qa.testcases.TS001#TS001_TC002</h3><table class="result"><tr class="param"><th>Parameter #1</th></tr><tr class="param stripe"><td>lemo</td></tr><tr><th>Exception</th></tr><tr><td><div class="stacktrace">org.openqa.selenium.NoSuchElementException: Unable to locate element: //*[@id=&apos;password-error&apos;]
For documentation on this error, please visit: https://www.selenium.dev/documentation/webdriver/troubleshooting/errors#no-such-element-exception
Build info: version: &apos;4.27.0&apos;, revision: &apos;d6e718d134&apos;
System info: os.name: &apos;Windows 11&apos;, os.arch: &apos;amd64&apos;, os.version: &apos;10.0&apos;, java.version: &apos;23.0.1&apos;
Driver info: org.openqa.selenium.remote.RemoteWebDriver
Command: [1e815f34-ffbf-47f3-b4e5-efb6acd48378, findElement {using=xpath, value=//*[@id=&apos;password-error&apos;]}]
Capabilities {acceptInsecureCerts: false, browserName: firefox, browserVersion: 135.0.1, container:hostname: caef7e7364b2, moz:accessibilityChecks: false, moz:buildID: 20250216192613, moz:geckodriverVersion: 0.35.0, moz:headless: false, moz:platformVersion: 5.15.167.4-microsoft-standa..., moz:processID: 3619, moz:profile: /tmp/rust_mozprofileEb6YU3, moz:shutdownTimeout: 60000, moz:webdriverClick: true, moz:windowless: false, pageLoadStrategy: normal, platformName: linux, proxy: Proxy(), se:bidiEnabled: false, se:cdp: ws://172.19.0.2:4444/sessio..., se:containerName: caef7e7364b2, se:noVncPort: 7900, se:vnc: ws://172.19.0.2:4444/sessio..., se:vncEnabled: true, se:vncLocalAddress: ws://172.19.0.2:7900, setWindowRect: true, strictFileInteractability: false, timeouts: {implicit: 0, pageLoad: 300000, script: 30000}, unhandledPromptBehavior: dismiss and notify, userAgent: Mozilla/5.0 (X11; Linux x86...}
Session ID: 1e815f34-ffbf-47f3-b4e5-efb6acd48378
	at org.openqa.selenium.remote.ErrorCodec.decode(ErrorCodec.java:167)
	at org.openqa.selenium.remote.codec.w3c.W3CHttpResponseCodec.decode(W3CHttpResponseCodec.java:138)
	at org.openqa.selenium.remote.codec.w3c.W3CHttpResponseCodec.decode(W3CHttpResponseCodec.java:50)
	at org.openqa.selenium.remote.HttpCommandExecutor.execute(HttpCommandExecutor.java:190)
	at org.openqa.selenium.remote.TracedCommandExecutor.execute(TracedCommandExecutor.java:53)
	at org.openqa.selenium.remote.RemoteWebDriver.execute(RemoteWebDriver.java:545)
	at org.openqa.selenium.remote.ElementLocation$ElementFinder$2.findElement(ElementLocation.java:165)
	at org.openqa.selenium.remote.ElementLocation.findElement(ElementLocation.java:59)
	at org.openqa.selenium.remote.RemoteWebDriver.findElement(RemoteWebDriver.java:368)
	at org.openqa.selenium.remote.RemoteWebDriver.findElement(RemoteWebDriver.java:362)
	at org.openqa.selenium.support.pagefactory.DefaultElementLocator.findElement(DefaultElementLocator.java:68)
	at org.openqa.selenium.support.pagefactory.internal.LocatingElementHandler.invoke(LocatingElementHandler.java:38)
	at jdk.proxy2/jdk.proxy2.$Proxy13.getText(Unknown Source)
	at com.qa.pages.CreateAccountPage.GetPasswordTextboxErrorMessage(CreateAccountPage.java:189)
	at com.qa.testcases.TS001.TS001_TC002(TS001.java:72)
	at java.base/java.util.ArrayList.forEach(ArrayList.java:1597)
	at java.base/java.util.concurrent.FutureTask.run(FutureTask.java:317)
	at java.base/java.util.concurrent.ThreadPoolExecutor.runWorker(ThreadPoolExecutor.java:1144)
	at java.base/java.util.concurrent.ThreadPoolExecutor$Worker.run(ThreadPoolExecutor.java:642)
	at java.base/java.lang.Thread.run(Thread.java:1575)
... Removed 19 stack frames</div></td></tr></table><p class="totop"><a href="#summary">back to summary</a></p>
<h3 id="m15">com.qa.testcases.TS001#TS001_TC001</h3><table class="result"><tr><th class="invisible"/></tr></table><p class="totop"><a href="#summary">back to summary</a></p>
<h3 id="m16">com.qa.testcases.TS001#TS001_TC003</h3><table class="result"><tr><th class="invisible"/></tr></table><p class="totop"><a href="#summary">back to summary</a></p>
<h3 id="m17">com.qa.testcases.TS001#TS001_TC004</h3><table class="result"><tr><th class="invisible"/></tr></table><p class="totop"><a href="#summary">back to summary</a></p>
<h3 id="m18">com.qa.testcases.TS001#TS001_TC005</h3><table class="result"><tr class="param"><th>Parameter #1</th></tr><tr class="param stripe"><td>lemo</td></tr></table><p class="totop"><a href="#summary">back to summary</a></p>
<h3 id="m19">com.qa.testcases.TS001#TS001_TC005</h3><table class="result"><tr class="param"><th>Parameter #1</th></tr><tr class="param stripe"><td>demo</td></tr></table><p class="totop"><a href="#summary">back to summary</a></p>
<h3 id="m20">com.qa.testcases.TS001#TS001_TC005</h3><table class="result"><tr class="param"><th>Parameter #1</th></tr><tr class="param stripe"><td>lemo</td></tr></table><p class="totop"><a href="#summary">back to summary</a></p>
<h3 id="m21">com.qa.testcases.TS001#TS001_TC005</h3><table class="result"><tr class="param"><th>Parameter #1</th></tr><tr class="param stripe"><td>demo</td></tr></table><p class="totop"><a href="#summary">back to summary</a></p>
</body>
</html>
