<?xml version="1.0" encoding="UTF-8"?>
<testng-results ignored="0" total="22" passed="18" failed="4" skipped="0">
  <reporter-output>
  </reporter-output>
  <suite started-at="2025-03-02T10:28:11 IST" name="Suite" finished-at="2025-03-02T10:30:49 IST" duration-ms="158503">
    <groups>
      <group name="functional">
        <method signature="TS001.TS001_TC003()[pri:2, instance:com.qa.testcases.TS001@35e2d654]" name="TS001_TC003" class="com.qa.testcases.TS001"/>
        <method signature="TS001.TS001_TC003()[pri:2, instance:com.qa.testcases.TS001@3c41ed1d]" name="TS001_TC003" class="com.qa.testcases.TS001"/>
      </group> <!-- functional -->
      <group name="smoke">
        <method signature="TS001.TS001_TC002(java.lang.String)[pri:1, instance:com.qa.testcases.TS001@35e2d654]" name="TS001_TC002" class="com.qa.testcases.TS001"/>
        <method signature="TS001.TS001_TC004()[pri:5, instance:com.qa.testcases.TS001@35e2d654]" name="TS001_TC004" class="com.qa.testcases.TS001"/>
        <method signature="TS001.TS001_TC002(java.lang.String)[pri:1, instance:com.qa.testcases.TS001@3c41ed1d]" name="TS001_TC002" class="com.qa.testcases.TS001"/>
        <method signature="TS001.TS001_TC004()[pri:5, instance:com.qa.testcases.TS001@3c41ed1d]" name="TS001_TC004" class="com.qa.testcases.TS001"/>
      </group> <!-- smoke -->
      <group name="sanity">
        <method signature="TS001.TS001_TC001()[pri:0, instance:com.qa.testcases.TS001@35e2d654]" name="TS001_TC001" class="com.qa.testcases.TS001"/>
        <method signature="TS001.TS001_TC005(java.lang.String)[pri:6, instance:com.qa.testcases.TS001@35e2d654]" name="TS001_TC005" class="com.qa.testcases.TS001"/>
        <method signature="TS001.TS001_TC001()[pri:0, instance:com.qa.testcases.TS001@3c41ed1d]" name="TS001_TC001" class="com.qa.testcases.TS001"/>
        <method signature="TS001.TS001_TC005(java.lang.String)[pri:6, instance:com.qa.testcases.TS001@3c41ed1d]" name="TS001_TC005" class="com.qa.testcases.TS001"/>
      </group> <!-- sanity -->
    </groups>
    <test started-at="2025-03-02T10:28:11 IST" name="Test1" finished-at="2025-03-02T10:28:47 IST" duration-ms="36132">
      <class name="com.qa.testcases.TS001">
        <test-method signature="TS001_TC001()[pri:0, instance:com.qa.testcases.TS001@35e2d654]" started-at="2025-03-02T10:28:22 IST" name="TS001_TC001" description="Verify that the Create an Account form contains below mentioned fields : -

Labels: -
&quot;First Name&quot;
&quot;Last Name&quot;
&quot;Email&quot;
&quot;Password&quot;
&quot;Confirm Password&quot;

Textboxes:-
&quot;First Name&quot; textbox
&quot;Last Name&quot; textbox
&quot;Email&quot; textbox
&quot;Password&quot; textbox
&quot;Confirm Password&quot; textbox

Buttons:-
&quot;Create an account&quot; button" finished-at="2025-03-02T10:28:26 IST" duration-ms="3939" status="PASS">
          <reporter-output>
          </reporter-output>
        </test-method> <!-- TS001_TC001 -->
        <test-method signature="TS001_TC002(java.lang.String)[pri:1, instance:com.qa.testcases.TS001@35e2d654]" started-at="2025-03-02T10:28:27 IST" name="TS001_TC002" description="Verify presence of valid placeholder under Password label Textbox. Minimum length of this field must be equal or greater than 8 symbols. Leading and trailing spaces will be ignored." data-provider="TestData" finished-at="2025-03-02T10:28:30 IST" duration-ms="2220" status="PASS">
          <params>
            <param index="0">
              <value>
                <![CDATA[demop]]>
              </value>
            </param>
          </params>
          <reporter-output>
          </reporter-output>
        </test-method> <!-- TS001_TC002 -->
        <test-method signature="TS001_TC002(java.lang.String)[pri:1, instance:com.qa.testcases.TS001@35e2d654]" started-at="2025-03-02T10:28:30 IST" name="TS001_TC002" description="Verify presence of valid placeholder under Password label Textbox. Minimum length of this field must be equal or greater than 8 symbols. Leading and trailing spaces will be ignored." data-provider="TestData" finished-at="2025-03-02T10:28:32 IST" duration-ms="1821" status="PASS">
          <params>
            <param index="0">
              <value>
                <![CDATA[lemo]]>
              </value>
            </param>
          </params>
          <reporter-output>
          </reporter-output>
        </test-method> <!-- TS001_TC002 -->
        <test-method signature="TS001_TC002(java.lang.String)[pri:1, instance:com.qa.testcases.TS001@35e2d654]" started-at="2025-03-02T10:28:32 IST" name="TS001_TC002" description="Verify presence of valid placeholder under Password label Textbox. Minimum length of this field must be equal or greater than 8 symbols. Leading and trailing spaces will be ignored." data-provider="TestData" finished-at="2025-03-02T10:28:33 IST" duration-ms="1579" status="PASS">
          <params>
            <param index="0">
              <value>
                <![CDATA[demop]]>
              </value>
            </param>
          </params>
          <reporter-output>
          </reporter-output>
        </test-method> <!-- TS001_TC002 -->
        <test-method signature="TS001_TC002(java.lang.String)[pri:1, instance:com.qa.testcases.TS001@35e2d654]" started-at="2025-03-02T10:28:33 IST" name="TS001_TC002" description="Verify presence of valid placeholder under Password label Textbox. Minimum length of this field must be equal or greater than 8 symbols. Leading and trailing spaces will be ignored." data-provider="TestData" finished-at="2025-03-02T10:28:35 IST" duration-ms="1463" status="PASS">
          <params>
            <param index="0">
              <value>
                <![CDATA[lemo]]>
              </value>
            </param>
          </params>
          <reporter-output>
          </reporter-output>
        </test-method> <!-- TS001_TC002 -->
        <test-method signature="TS001_TC003()[pri:2, instance:com.qa.testcases.TS001@35e2d654]" started-at="2025-03-02T10:28:35 IST" name="TS001_TC003" description="Verify that system generates a validation message when clicking on submit button without filling all the mandatory fields." finished-at="2025-03-02T10:28:38 IST" duration-ms="2923" status="PASS">
          <reporter-output>
          </reporter-output>
        </test-method> <!-- TS001_TC003 -->
        <test-method signature="TS001_TC004()[pri:5, instance:com.qa.testcases.TS001@35e2d654]" started-at="2025-03-02T10:28:38 IST" name="TS001_TC004" description="Verify that entering blank spaces on mandatory fields lead to validation error" finished-at="2025-03-02T10:28:41 IST" duration-ms="3523" status="PASS">
          <reporter-output>
          </reporter-output>
        </test-method> <!-- TS001_TC004 -->
        <test-method signature="TS001_TC005(java.lang.String)[pri:6, instance:com.qa.testcases.TS001@35e2d654]" started-at="2025-03-02T10:28:41 IST" name="TS001_TC005" description="Verify that the password is in encrypted form when entered" data-provider="TestData" finished-at="2025-03-02T10:28:43 IST" duration-ms="1685" status="PASS">
          <params>
            <param index="0">
              <value>
                <![CDATA[demo]]>
              </value>
            </param>
          </params>
          <reporter-output>
          </reporter-output>
        </test-method> <!-- TS001_TC005 -->
        <test-method signature="TS001_TC005(java.lang.String)[pri:6, instance:com.qa.testcases.TS001@35e2d654]" started-at="2025-03-02T10:28:43 IST" name="TS001_TC005" description="Verify that the password is in encrypted form when entered" data-provider="TestData" finished-at="2025-03-02T10:28:44 IST" duration-ms="1582" status="PASS">
          <params>
            <param index="0">
              <value>
                <![CDATA[lemo]]>
              </value>
            </param>
          </params>
          <reporter-output>
          </reporter-output>
        </test-method> <!-- TS001_TC005 -->
        <test-method signature="TS001_TC005(java.lang.String)[pri:6, instance:com.qa.testcases.TS001@35e2d654]" started-at="2025-03-02T10:28:44 IST" name="TS001_TC005" description="Verify that the password is in encrypted form when entered" data-provider="TestData" finished-at="2025-03-02T10:28:46 IST" duration-ms="1247" status="PASS">
          <params>
            <param index="0">
              <value>
                <![CDATA[demo]]>
              </value>
            </param>
          </params>
          <reporter-output>
          </reporter-output>
        </test-method> <!-- TS001_TC005 -->
        <test-method signature="TS001_TC005(java.lang.String)[pri:6, instance:com.qa.testcases.TS001@35e2d654]" started-at="2025-03-02T10:28:46 IST" name="TS001_TC005" description="Verify that the password is in encrypted form when entered" data-provider="TestData" finished-at="2025-03-02T10:28:47 IST" duration-ms="1343" status="PASS">
          <params>
            <param index="0">
              <value>
                <![CDATA[lemo]]>
              </value>
            </param>
          </params>
          <reporter-output>
          </reporter-output>
        </test-method> <!-- TS001_TC005 -->
      </class> <!-- com.qa.testcases.TS001 -->
    </test> <!-- Test1 -->
    <test started-at="2025-03-02T10:28:11 IST" name="Test2" finished-at="2025-03-02T10:30:49 IST" duration-ms="158503">
      <class name="com.qa.testcases.TS001">
        <test-method signature="TS001_TC001()[pri:0, instance:com.qa.testcases.TS001@3c41ed1d]" started-at="2025-03-02T10:28:27 IST" name="TS001_TC001" description="Verify that the Create an Account form contains below mentioned fields : -

Labels: -
&quot;First Name&quot;
&quot;Last Name&quot;
&quot;Email&quot;
&quot;Password&quot;
&quot;Confirm Password&quot;

Textboxes:-
&quot;First Name&quot; textbox
&quot;Last Name&quot; textbox
&quot;Email&quot; textbox
&quot;Password&quot; textbox
&quot;Confirm Password&quot; textbox

Buttons:-
&quot;Create an account&quot; button" finished-at="2025-03-02T10:28:31 IST" duration-ms="3921" status="PASS">
          <reporter-output>
          </reporter-output>
        </test-method> <!-- TS001_TC001 -->
        <test-method signature="TS001_TC002(java.lang.String)[pri:1, instance:com.qa.testcases.TS001@3c41ed1d]" started-at="2025-03-02T10:28:31 IST" name="TS001_TC002" description="Verify presence of valid placeholder under Password label Textbox. Minimum length of this field must be equal or greater than 8 symbols. Leading and trailing spaces will be ignored." data-provider="TestData" finished-at="2025-03-02T10:29:03 IST" duration-ms="31544" status="FAIL">
          <params>
            <param index="0">
              <value>
                <![CDATA[demop]]>
              </value>
            </param>
          </params>
          <exception class="org.openqa.selenium.NoSuchElementException">
            <message>
              <![CDATA[Unable to locate element: //*[@id='password-error']
For documentation on this error, please visit: https://www.selenium.dev/documentation/webdriver/troubleshooting/errors#no-such-element-exception
Build info: version: '4.27.0', revision: 'd6e718d134'
System info: os.name: 'Windows 11', os.arch: 'amd64', os.version: '10.0', java.version: '23.0.1'
Driver info: org.openqa.selenium.remote.RemoteWebDriver
Command: [1e815f34-ffbf-47f3-b4e5-efb6acd48378, findElement {using=xpath, value=//*[@id='password-error']}]
Capabilities {acceptInsecureCerts: false, browserName: firefox, browserVersion: 135.0.1, container:hostname: caef7e7364b2, moz:accessibilityChecks: false, moz:buildID: 20250216192613, moz:geckodriverVersion: 0.35.0, moz:headless: false, moz:platformVersion: 5.15.167.4-microsoft-standa..., moz:processID: 3619, moz:profile: /tmp/rust_mozprofileEb6YU3, moz:shutdownTimeout: 60000, moz:webdriverClick: true, moz:windowless: false, pageLoadStrategy: normal, platformName: linux, proxy: Proxy(), se:bidiEnabled: false, se:cdp: ws://172.19.0.2:4444/sessio..., se:containerName: caef7e7364b2, se:noVncPort: 7900, se:vnc: ws://172.19.0.2:4444/sessio..., se:vncEnabled: true, se:vncLocalAddress: ws://172.19.0.2:7900, setWindowRect: true, strictFileInteractability: false, timeouts: {implicit: 0, pageLoad: 300000, script: 30000}, unhandledPromptBehavior: dismiss and notify, userAgent: Mozilla/5.0 (X11; Linux x86...}
Session ID: 1e815f34-ffbf-47f3-b4e5-efb6acd48378]]>
            </message>
            <full-stacktrace>
              <![CDATA[org.openqa.selenium.NoSuchElementException: Unable to locate element: //*[@id='password-error']
For documentation on this error, please visit: https://www.selenium.dev/documentation/webdriver/troubleshooting/errors#no-such-element-exception
Build info: version: '4.27.0', revision: 'd6e718d134'
System info: os.name: 'Windows 11', os.arch: 'amd64', os.version: '10.0', java.version: '23.0.1'
Driver info: org.openqa.selenium.remote.RemoteWebDriver
Command: [1e815f34-ffbf-47f3-b4e5-efb6acd48378, findElement {using=xpath, value=//*[@id='password-error']}]
Capabilities {acceptInsecureCerts: false, browserName: firefox, browserVersion: 135.0.1, container:hostname: caef7e7364b2, moz:accessibilityChecks: false, moz:buildID: 20250216192613, moz:geckodriverVersion: 0.35.0, moz:headless: false, moz:platformVersion: 5.15.167.4-microsoft-standa..., moz:processID: 3619, moz:profile: /tmp/rust_mozprofileEb6YU3, moz:shutdownTimeout: 60000, moz:webdriverClick: true, moz:windowless: false, pageLoadStrategy: normal, platformName: linux, proxy: Proxy(), se:bidiEnabled: false, se:cdp: ws://172.19.0.2:4444/sessio..., se:containerName: caef7e7364b2, se:noVncPort: 7900, se:vnc: ws://172.19.0.2:4444/sessio..., se:vncEnabled: true, se:vncLocalAddress: ws://172.19.0.2:7900, setWindowRect: true, strictFileInteractability: false, timeouts: {implicit: 0, pageLoad: 300000, script: 30000}, unhandledPromptBehavior: dismiss and notify, userAgent: Mozilla/5.0 (X11; Linux x86...}
Session ID: 1e815f34-ffbf-47f3-b4e5-efb6acd48378
at java.base/jdk.internal.reflect.DirectConstructorHandleAccessor.newInstance(DirectConstructorHandleAccessor.java:62)
at java.base/java.lang.reflect.Constructor.newInstanceWithCaller(Constructor.java:501)
at java.base/java.lang.reflect.Constructor.newInstance(Constructor.java:485)
at org.openqa.selenium.remote.ErrorCodec.decode(ErrorCodec.java:167)
at org.openqa.selenium.remote.codec.w3c.W3CHttpResponseCodec.decode(W3CHttpResponseCodec.java:138)
at org.openqa.selenium.remote.codec.w3c.W3CHttpResponseCodec.decode(W3CHttpResponseCodec.java:50)
at org.openqa.selenium.remote.HttpCommandExecutor.execute(HttpCommandExecutor.java:190)
at org.openqa.selenium.remote.TracedCommandExecutor.execute(TracedCommandExecutor.java:53)
at org.openqa.selenium.remote.RemoteWebDriver.execute(RemoteWebDriver.java:545)
at org.openqa.selenium.remote.ElementLocation$ElementFinder$2.findElement(ElementLocation.java:165)
at org.openqa.selenium.remote.ElementLocation.findElement(ElementLocation.java:59)
at org.openqa.selenium.remote.RemoteWebDriver.findElement(RemoteWebDriver.java:368)
at org.openqa.selenium.remote.RemoteWebDriver.findElement(RemoteWebDriver.java:362)
at org.openqa.selenium.support.pagefactory.DefaultElementLocator.findElement(DefaultElementLocator.java:68)
at org.openqa.selenium.support.pagefactory.internal.LocatingElementHandler.invoke(LocatingElementHandler.java:38)
at jdk.proxy2/jdk.proxy2.$Proxy13.getText(Unknown Source)
at com.qa.pages.CreateAccountPage.GetPasswordTextboxErrorMessage(CreateAccountPage.java:189)
at com.qa.testcases.TS001.TS001_TC002(TS001.java:72)
at java.base/jdk.internal.reflect.DirectMethodHandleAccessor.invoke(DirectMethodHandleAccessor.java:103)
at java.base/java.lang.reflect.Method.invoke(Method.java:580)
at org.testng.internal.MethodInvocationHelper.invokeMethod(MethodInvocationHelper.java:133)
at org.testng.internal.TestInvoker.invokeMethod(TestInvoker.java:598)
at org.testng.internal.TestInvoker.invokeTestMethod(TestInvoker.java:173)
at org.testng.internal.MethodRunner.runInSequence(MethodRunner.java:46)
at org.testng.internal.TestInvoker$MethodInvocationAgent.invoke(TestInvoker.java:824)
at org.testng.internal.TestInvoker.invokeTestMethods(TestInvoker.java:146)
at org.testng.internal.TestMethodWorker.invokeTestMethods(TestMethodWorker.java:146)
at org.testng.internal.TestMethodWorker.run(TestMethodWorker.java:128)
at java.base/java.util.ArrayList.forEach(ArrayList.java:1597)
at org.testng.TestRunner.privateRun(TestRunner.java:794)
at org.testng.TestRunner.run(TestRunner.java:596)
at org.testng.SuiteRunner.runTest(SuiteRunner.java:377)
at org.testng.SuiteRunner.access$000(SuiteRunner.java:28)
at org.testng.SuiteRunner$SuiteWorker.run(SuiteRunner.java:418)
at org.testng.internal.thread.ThreadUtil.lambda$execute$0(ThreadUtil.java:64)
at java.base/java.util.concurrent.FutureTask.run(FutureTask.java:317)
at java.base/java.util.concurrent.ThreadPoolExecutor.runWorker(ThreadPoolExecutor.java:1144)
at java.base/java.util.concurrent.ThreadPoolExecutor$Worker.run(ThreadPoolExecutor.java:642)
at java.base/java.lang.Thread.run(Thread.java:1575)
]]>
            </full-stacktrace>
          </exception> <!-- org.openqa.selenium.NoSuchElementException -->
          <reporter-output>
          </reporter-output>
        </test-method> <!-- TS001_TC002 -->
        <test-method signature="TS001_TC002(java.lang.String)[pri:1, instance:com.qa.testcases.TS001@3c41ed1d]" started-at="2025-03-02T10:29:03 IST" name="TS001_TC002" description="Verify presence of valid placeholder under Password label Textbox. Minimum length of this field must be equal or greater than 8 symbols. Leading and trailing spaces will be ignored." data-provider="TestData" finished-at="2025-03-02T10:29:35 IST" duration-ms="31823" status="FAIL">
          <params>
            <param index="0">
              <value>
                <![CDATA[lemo]]>
              </value>
            </param>
          </params>
          <exception class="org.openqa.selenium.NoSuchElementException">
            <message>
              <![CDATA[Unable to locate element: //*[@id='password-error']
For documentation on this error, please visit: https://www.selenium.dev/documentation/webdriver/troubleshooting/errors#no-such-element-exception
Build info: version: '4.27.0', revision: 'd6e718d134'
System info: os.name: 'Windows 11', os.arch: 'amd64', os.version: '10.0', java.version: '23.0.1'
Driver info: org.openqa.selenium.remote.RemoteWebDriver
Command: [1e815f34-ffbf-47f3-b4e5-efb6acd48378, findElement {using=xpath, value=//*[@id='password-error']}]
Capabilities {acceptInsecureCerts: false, browserName: firefox, browserVersion: 135.0.1, container:hostname: caef7e7364b2, moz:accessibilityChecks: false, moz:buildID: 20250216192613, moz:geckodriverVersion: 0.35.0, moz:headless: false, moz:platformVersion: 5.15.167.4-microsoft-standa..., moz:processID: 3619, moz:profile: /tmp/rust_mozprofileEb6YU3, moz:shutdownTimeout: 60000, moz:webdriverClick: true, moz:windowless: false, pageLoadStrategy: normal, platformName: linux, proxy: Proxy(), se:bidiEnabled: false, se:cdp: ws://172.19.0.2:4444/sessio..., se:containerName: caef7e7364b2, se:noVncPort: 7900, se:vnc: ws://172.19.0.2:4444/sessio..., se:vncEnabled: true, se:vncLocalAddress: ws://172.19.0.2:7900, setWindowRect: true, strictFileInteractability: false, timeouts: {implicit: 0, pageLoad: 300000, script: 30000}, unhandledPromptBehavior: dismiss and notify, userAgent: Mozilla/5.0 (X11; Linux x86...}
Session ID: 1e815f34-ffbf-47f3-b4e5-efb6acd48378]]>
            </message>
            <full-stacktrace>
              <![CDATA[org.openqa.selenium.NoSuchElementException: Unable to locate element: //*[@id='password-error']
For documentation on this error, please visit: https://www.selenium.dev/documentation/webdriver/troubleshooting/errors#no-such-element-exception
Build info: version: '4.27.0', revision: 'd6e718d134'
System info: os.name: 'Windows 11', os.arch: 'amd64', os.version: '10.0', java.version: '23.0.1'
Driver info: org.openqa.selenium.remote.RemoteWebDriver
Command: [1e815f34-ffbf-47f3-b4e5-efb6acd48378, findElement {using=xpath, value=//*[@id='password-error']}]
Capabilities {acceptInsecureCerts: false, browserName: firefox, browserVersion: 135.0.1, container:hostname: caef7e7364b2, moz:accessibilityChecks: false, moz:buildID: 20250216192613, moz:geckodriverVersion: 0.35.0, moz:headless: false, moz:platformVersion: 5.15.167.4-microsoft-standa..., moz:processID: 3619, moz:profile: /tmp/rust_mozprofileEb6YU3, moz:shutdownTimeout: 60000, moz:webdriverClick: true, moz:windowless: false, pageLoadStrategy: normal, platformName: linux, proxy: Proxy(), se:bidiEnabled: false, se:cdp: ws://172.19.0.2:4444/sessio..., se:containerName: caef7e7364b2, se:noVncPort: 7900, se:vnc: ws://172.19.0.2:4444/sessio..., se:vncEnabled: true, se:vncLocalAddress: ws://172.19.0.2:7900, setWindowRect: true, strictFileInteractability: false, timeouts: {implicit: 0, pageLoad: 300000, script: 30000}, unhandledPromptBehavior: dismiss and notify, userAgent: Mozilla/5.0 (X11; Linux x86...}
Session ID: 1e815f34-ffbf-47f3-b4e5-efb6acd48378
at java.base/jdk.internal.reflect.DirectConstructorHandleAccessor.newInstance(DirectConstructorHandleAccessor.java:62)
at java.base/java.lang.reflect.Constructor.newInstanceWithCaller(Constructor.java:501)
at java.base/java.lang.reflect.Constructor.newInstance(Constructor.java:485)
at org.openqa.selenium.remote.ErrorCodec.decode(ErrorCodec.java:167)
at org.openqa.selenium.remote.codec.w3c.W3CHttpResponseCodec.decode(W3CHttpResponseCodec.java:138)
at org.openqa.selenium.remote.codec.w3c.W3CHttpResponseCodec.decode(W3CHttpResponseCodec.java:50)
at org.openqa.selenium.remote.HttpCommandExecutor.execute(HttpCommandExecutor.java:190)
at org.openqa.selenium.remote.TracedCommandExecutor.execute(TracedCommandExecutor.java:53)
at org.openqa.selenium.remote.RemoteWebDriver.execute(RemoteWebDriver.java:545)
at org.openqa.selenium.remote.ElementLocation$ElementFinder$2.findElement(ElementLocation.java:165)
at org.openqa.selenium.remote.ElementLocation.findElement(ElementLocation.java:59)
at org.openqa.selenium.remote.RemoteWebDriver.findElement(RemoteWebDriver.java:368)
at org.openqa.selenium.remote.RemoteWebDriver.findElement(RemoteWebDriver.java:362)
at org.openqa.selenium.support.pagefactory.DefaultElementLocator.findElement(DefaultElementLocator.java:68)
at org.openqa.selenium.support.pagefactory.internal.LocatingElementHandler.invoke(LocatingElementHandler.java:38)
at jdk.proxy2/jdk.proxy2.$Proxy13.getText(Unknown Source)
at com.qa.pages.CreateAccountPage.GetPasswordTextboxErrorMessage(CreateAccountPage.java:189)
at com.qa.testcases.TS001.TS001_TC002(TS001.java:72)
at java.base/jdk.internal.reflect.DirectMethodHandleAccessor.invoke(DirectMethodHandleAccessor.java:103)
at java.base/java.lang.reflect.Method.invoke(Method.java:580)
at org.testng.internal.MethodInvocationHelper.invokeMethod(MethodInvocationHelper.java:133)
at org.testng.internal.TestInvoker.invokeMethod(TestInvoker.java:598)
at org.testng.internal.TestInvoker.invokeTestMethod(TestInvoker.java:173)
at org.testng.internal.MethodRunner.runInSequence(MethodRunner.java:46)
at org.testng.internal.TestInvoker$MethodInvocationAgent.invoke(TestInvoker.java:824)
at org.testng.internal.TestInvoker.invokeTestMethods(TestInvoker.java:146)
at org.testng.internal.TestMethodWorker.invokeTestMethods(TestMethodWorker.java:146)
at org.testng.internal.TestMethodWorker.run(TestMethodWorker.java:128)
at java.base/java.util.ArrayList.forEach(ArrayList.java:1597)
at org.testng.TestRunner.privateRun(TestRunner.java:794)
at org.testng.TestRunner.run(TestRunner.java:596)
at org.testng.SuiteRunner.runTest(SuiteRunner.java:377)
at org.testng.SuiteRunner.access$000(SuiteRunner.java:28)
at org.testng.SuiteRunner$SuiteWorker.run(SuiteRunner.java:418)
at org.testng.internal.thread.ThreadUtil.lambda$execute$0(ThreadUtil.java:64)
at java.base/java.util.concurrent.FutureTask.run(FutureTask.java:317)
at java.base/java.util.concurrent.ThreadPoolExecutor.runWorker(ThreadPoolExecutor.java:1144)
at java.base/java.util.concurrent.ThreadPoolExecutor$Worker.run(ThreadPoolExecutor.java:642)
at java.base/java.lang.Thread.run(Thread.java:1575)
]]>
            </full-stacktrace>
          </exception> <!-- org.openqa.selenium.NoSuchElementException -->
          <reporter-output>
          </reporter-output>
        </test-method> <!-- TS001_TC002 -->
        <test-method signature="TS001_TC002(java.lang.String)[pri:1, instance:com.qa.testcases.TS001@3c41ed1d]" started-at="2025-03-02T10:29:35 IST" name="TS001_TC002" description="Verify presence of valid placeholder under Password label Textbox. Minimum length of this field must be equal or greater than 8 symbols. Leading and trailing spaces will be ignored." data-provider="TestData" finished-at="2025-03-02T10:30:07 IST" duration-ms="31807" status="FAIL">
          <params>
            <param index="0">
              <value>
                <![CDATA[demop]]>
              </value>
            </param>
          </params>
          <exception class="org.openqa.selenium.NoSuchElementException">
            <message>
              <![CDATA[Unable to locate element: //*[@id='password-error']
For documentation on this error, please visit: https://www.selenium.dev/documentation/webdriver/troubleshooting/errors#no-such-element-exception
Build info: version: '4.27.0', revision: 'd6e718d134'
System info: os.name: 'Windows 11', os.arch: 'amd64', os.version: '10.0', java.version: '23.0.1'
Driver info: org.openqa.selenium.remote.RemoteWebDriver
Command: [1e815f34-ffbf-47f3-b4e5-efb6acd48378, findElement {using=xpath, value=//*[@id='password-error']}]
Capabilities {acceptInsecureCerts: false, browserName: firefox, browserVersion: 135.0.1, container:hostname: caef7e7364b2, moz:accessibilityChecks: false, moz:buildID: 20250216192613, moz:geckodriverVersion: 0.35.0, moz:headless: false, moz:platformVersion: 5.15.167.4-microsoft-standa..., moz:processID: 3619, moz:profile: /tmp/rust_mozprofileEb6YU3, moz:shutdownTimeout: 60000, moz:webdriverClick: true, moz:windowless: false, pageLoadStrategy: normal, platformName: linux, proxy: Proxy(), se:bidiEnabled: false, se:cdp: ws://172.19.0.2:4444/sessio..., se:containerName: caef7e7364b2, se:noVncPort: 7900, se:vnc: ws://172.19.0.2:4444/sessio..., se:vncEnabled: true, se:vncLocalAddress: ws://172.19.0.2:7900, setWindowRect: true, strictFileInteractability: false, timeouts: {implicit: 0, pageLoad: 300000, script: 30000}, unhandledPromptBehavior: dismiss and notify, userAgent: Mozilla/5.0 (X11; Linux x86...}
Session ID: 1e815f34-ffbf-47f3-b4e5-efb6acd48378]]>
            </message>
            <full-stacktrace>
              <![CDATA[org.openqa.selenium.NoSuchElementException: Unable to locate element: //*[@id='password-error']
For documentation on this error, please visit: https://www.selenium.dev/documentation/webdriver/troubleshooting/errors#no-such-element-exception
Build info: version: '4.27.0', revision: 'd6e718d134'
System info: os.name: 'Windows 11', os.arch: 'amd64', os.version: '10.0', java.version: '23.0.1'
Driver info: org.openqa.selenium.remote.RemoteWebDriver
Command: [1e815f34-ffbf-47f3-b4e5-efb6acd48378, findElement {using=xpath, value=//*[@id='password-error']}]
Capabilities {acceptInsecureCerts: false, browserName: firefox, browserVersion: 135.0.1, container:hostname: caef7e7364b2, moz:accessibilityChecks: false, moz:buildID: 20250216192613, moz:geckodriverVersion: 0.35.0, moz:headless: false, moz:platformVersion: 5.15.167.4-microsoft-standa..., moz:processID: 3619, moz:profile: /tmp/rust_mozprofileEb6YU3, moz:shutdownTimeout: 60000, moz:webdriverClick: true, moz:windowless: false, pageLoadStrategy: normal, platformName: linux, proxy: Proxy(), se:bidiEnabled: false, se:cdp: ws://172.19.0.2:4444/sessio..., se:containerName: caef7e7364b2, se:noVncPort: 7900, se:vnc: ws://172.19.0.2:4444/sessio..., se:vncEnabled: true, se:vncLocalAddress: ws://172.19.0.2:7900, setWindowRect: true, strictFileInteractability: false, timeouts: {implicit: 0, pageLoad: 300000, script: 30000}, unhandledPromptBehavior: dismiss and notify, userAgent: Mozilla/5.0 (X11; Linux x86...}
Session ID: 1e815f34-ffbf-47f3-b4e5-efb6acd48378
at java.base/jdk.internal.reflect.DirectConstructorHandleAccessor.newInstance(DirectConstructorHandleAccessor.java:62)
at java.base/java.lang.reflect.Constructor.newInstanceWithCaller(Constructor.java:501)
at java.base/java.lang.reflect.Constructor.newInstance(Constructor.java:485)
at org.openqa.selenium.remote.ErrorCodec.decode(ErrorCodec.java:167)
at org.openqa.selenium.remote.codec.w3c.W3CHttpResponseCodec.decode(W3CHttpResponseCodec.java:138)
at org.openqa.selenium.remote.codec.w3c.W3CHttpResponseCodec.decode(W3CHttpResponseCodec.java:50)
at org.openqa.selenium.remote.HttpCommandExecutor.execute(HttpCommandExecutor.java:190)
at org.openqa.selenium.remote.TracedCommandExecutor.execute(TracedCommandExecutor.java:53)
at org.openqa.selenium.remote.RemoteWebDriver.execute(RemoteWebDriver.java:545)
at org.openqa.selenium.remote.ElementLocation$ElementFinder$2.findElement(ElementLocation.java:165)
at org.openqa.selenium.remote.ElementLocation.findElement(ElementLocation.java:59)
at org.openqa.selenium.remote.RemoteWebDriver.findElement(RemoteWebDriver.java:368)
at org.openqa.selenium.remote.RemoteWebDriver.findElement(RemoteWebDriver.java:362)
at org.openqa.selenium.support.pagefactory.DefaultElementLocator.findElement(DefaultElementLocator.java:68)
at org.openqa.selenium.support.pagefactory.internal.LocatingElementHandler.invoke(LocatingElementHandler.java:38)
at jdk.proxy2/jdk.proxy2.$Proxy13.getText(Unknown Source)
at com.qa.pages.CreateAccountPage.GetPasswordTextboxErrorMessage(CreateAccountPage.java:189)
at com.qa.testcases.TS001.TS001_TC002(TS001.java:72)
at java.base/jdk.internal.reflect.DirectMethodHandleAccessor.invoke(DirectMethodHandleAccessor.java:103)
at java.base/java.lang.reflect.Method.invoke(Method.java:580)
at org.testng.internal.MethodInvocationHelper.invokeMethod(MethodInvocationHelper.java:133)
at org.testng.internal.TestInvoker.invokeMethod(TestInvoker.java:598)
at org.testng.internal.TestInvoker.invokeTestMethod(TestInvoker.java:173)
at org.testng.internal.MethodRunner.runInSequence(MethodRunner.java:46)
at org.testng.internal.TestInvoker$MethodInvocationAgent.invoke(TestInvoker.java:824)
at org.testng.internal.TestInvoker.invokeTestMethods(TestInvoker.java:146)
at org.testng.internal.TestMethodWorker.invokeTestMethods(TestMethodWorker.java:146)
at org.testng.internal.TestMethodWorker.run(TestMethodWorker.java:128)
at java.base/java.util.ArrayList.forEach(ArrayList.java:1597)
at org.testng.TestRunner.privateRun(TestRunner.java:794)
at org.testng.TestRunner.run(TestRunner.java:596)
at org.testng.SuiteRunner.runTest(SuiteRunner.java:377)
at org.testng.SuiteRunner.access$000(SuiteRunner.java:28)
at org.testng.SuiteRunner$SuiteWorker.run(SuiteRunner.java:418)
at org.testng.internal.thread.ThreadUtil.lambda$execute$0(ThreadUtil.java:64)
at java.base/java.util.concurrent.FutureTask.run(FutureTask.java:317)
at java.base/java.util.concurrent.ThreadPoolExecutor.runWorker(ThreadPoolExecutor.java:1144)
at java.base/java.util.concurrent.ThreadPoolExecutor$Worker.run(ThreadPoolExecutor.java:642)
at java.base/java.lang.Thread.run(Thread.java:1575)
]]>
            </full-stacktrace>
          </exception> <!-- org.openqa.selenium.NoSuchElementException -->
          <reporter-output>
          </reporter-output>
        </test-method> <!-- TS001_TC002 -->
        <test-method signature="TS001_TC002(java.lang.String)[pri:1, instance:com.qa.testcases.TS001@3c41ed1d]" started-at="2025-03-02T10:30:07 IST" name="TS001_TC002" description="Verify presence of valid placeholder under Password label Textbox. Minimum length of this field must be equal or greater than 8 symbols. Leading and trailing spaces will be ignored." data-provider="TestData" finished-at="2025-03-02T10:30:39 IST" duration-ms="31720" status="FAIL">
          <params>
            <param index="0">
              <value>
                <![CDATA[lemo]]>
              </value>
            </param>
          </params>
          <exception class="org.openqa.selenium.NoSuchElementException">
            <message>
              <![CDATA[Unable to locate element: //*[@id='password-error']
For documentation on this error, please visit: https://www.selenium.dev/documentation/webdriver/troubleshooting/errors#no-such-element-exception
Build info: version: '4.27.0', revision: 'd6e718d134'
System info: os.name: 'Windows 11', os.arch: 'amd64', os.version: '10.0', java.version: '23.0.1'
Driver info: org.openqa.selenium.remote.RemoteWebDriver
Command: [1e815f34-ffbf-47f3-b4e5-efb6acd48378, findElement {using=xpath, value=//*[@id='password-error']}]
Capabilities {acceptInsecureCerts: false, browserName: firefox, browserVersion: 135.0.1, container:hostname: caef7e7364b2, moz:accessibilityChecks: false, moz:buildID: 20250216192613, moz:geckodriverVersion: 0.35.0, moz:headless: false, moz:platformVersion: 5.15.167.4-microsoft-standa..., moz:processID: 3619, moz:profile: /tmp/rust_mozprofileEb6YU3, moz:shutdownTimeout: 60000, moz:webdriverClick: true, moz:windowless: false, pageLoadStrategy: normal, platformName: linux, proxy: Proxy(), se:bidiEnabled: false, se:cdp: ws://172.19.0.2:4444/sessio..., se:containerName: caef7e7364b2, se:noVncPort: 7900, se:vnc: ws://172.19.0.2:4444/sessio..., se:vncEnabled: true, se:vncLocalAddress: ws://172.19.0.2:7900, setWindowRect: true, strictFileInteractability: false, timeouts: {implicit: 0, pageLoad: 300000, script: 30000}, unhandledPromptBehavior: dismiss and notify, userAgent: Mozilla/5.0 (X11; Linux x86...}
Session ID: 1e815f34-ffbf-47f3-b4e5-efb6acd48378]]>
            </message>
            <full-stacktrace>
              <![CDATA[org.openqa.selenium.NoSuchElementException: Unable to locate element: //*[@id='password-error']
For documentation on this error, please visit: https://www.selenium.dev/documentation/webdriver/troubleshooting/errors#no-such-element-exception
Build info: version: '4.27.0', revision: 'd6e718d134'
System info: os.name: 'Windows 11', os.arch: 'amd64', os.version: '10.0', java.version: '23.0.1'
Driver info: org.openqa.selenium.remote.RemoteWebDriver
Command: [1e815f34-ffbf-47f3-b4e5-efb6acd48378, findElement {using=xpath, value=//*[@id='password-error']}]
Capabilities {acceptInsecureCerts: false, browserName: firefox, browserVersion: 135.0.1, container:hostname: caef7e7364b2, moz:accessibilityChecks: false, moz:buildID: 20250216192613, moz:geckodriverVersion: 0.35.0, moz:headless: false, moz:platformVersion: 5.15.167.4-microsoft-standa..., moz:processID: 3619, moz:profile: /tmp/rust_mozprofileEb6YU3, moz:shutdownTimeout: 60000, moz:webdriverClick: true, moz:windowless: false, pageLoadStrategy: normal, platformName: linux, proxy: Proxy(), se:bidiEnabled: false, se:cdp: ws://172.19.0.2:4444/sessio..., se:containerName: caef7e7364b2, se:noVncPort: 7900, se:vnc: ws://172.19.0.2:4444/sessio..., se:vncEnabled: true, se:vncLocalAddress: ws://172.19.0.2:7900, setWindowRect: true, strictFileInteractability: false, timeouts: {implicit: 0, pageLoad: 300000, script: 30000}, unhandledPromptBehavior: dismiss and notify, userAgent: Mozilla/5.0 (X11; Linux x86...}
Session ID: 1e815f34-ffbf-47f3-b4e5-efb6acd48378
at java.base/jdk.internal.reflect.DirectConstructorHandleAccessor.newInstance(DirectConstructorHandleAccessor.java:62)
at java.base/java.lang.reflect.Constructor.newInstanceWithCaller(Constructor.java:501)
at java.base/java.lang.reflect.Constructor.newInstance(Constructor.java:485)
at org.openqa.selenium.remote.ErrorCodec.decode(ErrorCodec.java:167)
at org.openqa.selenium.remote.codec.w3c.W3CHttpResponseCodec.decode(W3CHttpResponseCodec.java:138)
at org.openqa.selenium.remote.codec.w3c.W3CHttpResponseCodec.decode(W3CHttpResponseCodec.java:50)
at org.openqa.selenium.remote.HttpCommandExecutor.execute(HttpCommandExecutor.java:190)
at org.openqa.selenium.remote.TracedCommandExecutor.execute(TracedCommandExecutor.java:53)
at org.openqa.selenium.remote.RemoteWebDriver.execute(RemoteWebDriver.java:545)
at org.openqa.selenium.remote.ElementLocation$ElementFinder$2.findElement(ElementLocation.java:165)
at org.openqa.selenium.remote.ElementLocation.findElement(ElementLocation.java:59)
at org.openqa.selenium.remote.RemoteWebDriver.findElement(RemoteWebDriver.java:368)
at org.openqa.selenium.remote.RemoteWebDriver.findElement(RemoteWebDriver.java:362)
at org.openqa.selenium.support.pagefactory.DefaultElementLocator.findElement(DefaultElementLocator.java:68)
at org.openqa.selenium.support.pagefactory.internal.LocatingElementHandler.invoke(LocatingElementHandler.java:38)
at jdk.proxy2/jdk.proxy2.$Proxy13.getText(Unknown Source)
at com.qa.pages.CreateAccountPage.GetPasswordTextboxErrorMessage(CreateAccountPage.java:189)
at com.qa.testcases.TS001.TS001_TC002(TS001.java:72)
at java.base/jdk.internal.reflect.DirectMethodHandleAccessor.invoke(DirectMethodHandleAccessor.java:103)
at java.base/java.lang.reflect.Method.invoke(Method.java:580)
at org.testng.internal.MethodInvocationHelper.invokeMethod(MethodInvocationHelper.java:133)
at org.testng.internal.TestInvoker.invokeMethod(TestInvoker.java:598)
at org.testng.internal.TestInvoker.invokeTestMethod(TestInvoker.java:173)
at org.testng.internal.MethodRunner.runInSequence(MethodRunner.java:46)
at org.testng.internal.TestInvoker$MethodInvocationAgent.invoke(TestInvoker.java:824)
at org.testng.internal.TestInvoker.invokeTestMethods(TestInvoker.java:146)
at org.testng.internal.TestMethodWorker.invokeTestMethods(TestMethodWorker.java:146)
at org.testng.internal.TestMethodWorker.run(TestMethodWorker.java:128)
at java.base/java.util.ArrayList.forEach(ArrayList.java:1597)
at org.testng.TestRunner.privateRun(TestRunner.java:794)
at org.testng.TestRunner.run(TestRunner.java:596)
at org.testng.SuiteRunner.runTest(SuiteRunner.java:377)
at org.testng.SuiteRunner.access$000(SuiteRunner.java:28)
at org.testng.SuiteRunner$SuiteWorker.run(SuiteRunner.java:418)
at org.testng.internal.thread.ThreadUtil.lambda$execute$0(ThreadUtil.java:64)
at java.base/java.util.concurrent.FutureTask.run(FutureTask.java:317)
at java.base/java.util.concurrent.ThreadPoolExecutor.runWorker(ThreadPoolExecutor.java:1144)
at java.base/java.util.concurrent.ThreadPoolExecutor$Worker.run(ThreadPoolExecutor.java:642)
at java.base/java.lang.Thread.run(Thread.java:1575)
]]>
            </full-stacktrace>
          </exception> <!-- org.openqa.selenium.NoSuchElementException -->
          <reporter-output>
          </reporter-output>
        </test-method> <!-- TS001_TC002 -->
        <test-method signature="TS001_TC003()[pri:2, instance:com.qa.testcases.TS001@3c41ed1d]" started-at="2025-03-02T10:30:39 IST" name="TS001_TC003" description="Verify that system generates a validation message when clicking on submit button without filling all the mandatory fields." finished-at="2025-03-02T10:30:41 IST" duration-ms="2567" status="PASS">
          <reporter-output>
          </reporter-output>
        </test-method> <!-- TS001_TC003 -->
        <test-method signature="TS001_TC004()[pri:5, instance:com.qa.testcases.TS001@3c41ed1d]" started-at="2025-03-02T10:30:41 IST" name="TS001_TC004" description="Verify that entering blank spaces on mandatory fields lead to validation error" finished-at="2025-03-02T10:30:44 IST" duration-ms="2684" status="PASS">
          <reporter-output>
          </reporter-output>
        </test-method> <!-- TS001_TC004 -->
        <test-method signature="TS001_TC005(java.lang.String)[pri:6, instance:com.qa.testcases.TS001@3c41ed1d]" started-at="2025-03-02T10:30:44 IST" name="TS001_TC005" description="Verify that the password is in encrypted form when entered" data-provider="TestData" finished-at="2025-03-02T10:30:45 IST" duration-ms="1284" status="PASS">
          <params>
            <param index="0">
              <value>
                <![CDATA[demo]]>
              </value>
            </param>
          </params>
          <reporter-output>
          </reporter-output>
        </test-method> <!-- TS001_TC005 -->
        <test-method signature="TS001_TC005(java.lang.String)[pri:6, instance:com.qa.testcases.TS001@3c41ed1d]" started-at="2025-03-02T10:30:45 IST" name="TS001_TC005" description="Verify that the password is in encrypted form when entered" data-provider="TestData" finished-at="2025-03-02T10:30:47 IST" duration-ms="1315" status="PASS">
          <params>
            <param index="0">
              <value>
                <![CDATA[lemo]]>
              </value>
            </param>
          </params>
          <reporter-output>
          </reporter-output>
        </test-method> <!-- TS001_TC005 -->
        <test-method signature="TS001_TC005(java.lang.String)[pri:6, instance:com.qa.testcases.TS001@3c41ed1d]" started-at="2025-03-02T10:30:47 IST" name="TS001_TC005" description="Verify that the password is in encrypted form when entered" data-provider="TestData" finished-at="2025-03-02T10:30:48 IST" duration-ms="1342" status="PASS">
          <params>
            <param index="0">
              <value>
                <![CDATA[demo]]>
              </value>
            </param>
          </params>
          <reporter-output>
          </reporter-output>
        </test-method> <!-- TS001_TC005 -->
        <test-method signature="TS001_TC005(java.lang.String)[pri:6, instance:com.qa.testcases.TS001@3c41ed1d]" started-at="2025-03-02T10:30:48 IST" name="TS001_TC005" description="Verify that the password is in encrypted form when entered" data-provider="TestData" finished-at="2025-03-02T10:30:49 IST" duration-ms="1217" status="PASS">
          <params>
            <param index="0">
              <value>
                <![CDATA[lemo]]>
              </value>
            </param>
          </params>
          <reporter-output>
          </reporter-output>
        </test-method> <!-- TS001_TC005 -->
      </class> <!-- com.qa.testcases.TS001 -->
    </test> <!-- Test2 -->
  </suite> <!-- Suite -->
</testng-results>
